[handleMsg]:  {
  key: {
    remoteJid: '5491130868212@s.whatsapp.net',
    fromMe: false,
    id: '5F8D1F6DA9E70C3C04E36ABAAB1745D6',
    participant: undefined
  },
  messageTimestamp: 1723142128,
  pushName: 'Tam⚽',
  broadcast: false,
  message: Message {
    extendedTextMessage: ExtendedTextMessage {
      text: 'Hola',
      previewType: 0,
      contextInfo: [ContextInfo],
      inviteLinkGroupTypeV2: 0
    },
    messageContextInfo: MessageContextInfo {
      deviceListMetadata: [DeviceListMetadata],
      deviceListMetadataVersion: 2
    }
  },
  body: 'Hola',
  from: '5491130868212'
}
[QUEUE_SE_ENVIO]:  {
  ref: 'ans_9eadae8d-b881-4ef2-b437-0caa741dbfaa',
  keyword: 'key_7a0560ae-a5fb-490a-8b62-c8ffbff4f2a0',
  answer: '🙌 Hola bienvenido a este *Chatbot*',
  options: {
    media: null,
    buttons: [],
    capture: false,
    child: null,
    delay: 0,
    idle: null,
    ref: null,
    nested: [],
    keyword: {},
    callback: false
  },
  refSerialize: '340dbbb5fe703d00724ed98b9e49ff76'
}
[QUEUE_SE_ENVIO]:  {
  ref: 'ans_34278a6a-3ef0-49ee-b1e1-098a42f17306',
  keyword: 'ans_9eadae8d-b881-4ef2-b437-0caa741dbfaa',
  answer: 'te comparto los siguientes links de interes sobre el proyecto\n' +
    '👉 *doc* para ver la documentación\n' +
    '👉 *gracias*  para ver la lista de videos\n' +
    '👉 *discord* unirte al discord',
  options: {
    media: null,
    buttons: [],
    capture: false,
    child: null,
    delay: 0,
    idle: null,
    ref: null,
    nested: [
      [Object], [Object],
      [Object], [Object],
      [Object], [Object],
      [Object], [Object]
    ],
    keyword: {},
    callback: false
  },
  refSerialize: 'd62989abf829680cbaf443a95ef31023'
}
